# JRE version: OpenJDK Runtime Environment (11.0.12+7) (build 11.0.12+7-b1504.28-7817840)
# Java VM: OpenJDK 64-Bit Server VM (11.0.12+7-b1504.28-7817840, mixed mode, tiered, compressed oops, g1 gc, windows-amd64)
Heap:
 garbage-first heap   total 227328K, used 111247K [0x0000000080000000, 0x0000000100000000)
  region size 1024K, 11 young (11264K), 7 survivors (7168K)
 Metaspace       used 129685K, capacity 133349K, committed 133772K, reserved 1165312K
  class space    used 15956K, capacity 17319K, committed 17484K, reserved 1048576K
GC Heap History (20 events):
Event: 4744.510 GC heap before
{Heap before GC invocations=102 (full 0):
 garbage-first heap   total 227328K, used 166073K [0x0000000080000000, 0x0000000100000000)
  region size 1024K, 72 young (73728K), 1 survivors (1024K)
 Metaspace       used 128078K, capacity 131775K, committed 132492K, reserved 1165312K
  class space    used 15895K, capacity 17274K, committed 17484K, reserved 1048576K
}
Event: 4744.555 GC heap after
{Heap after GC invocations=103 (full 0):
 garbage-first heap   total 227328K, used 99772K [0x0000000080000000, 0x0000000100000000)
  region size 1024K, 7 young (7168K), 7 survivors (7168K)
 Metaspace       used 128078K, capacity 131775K, committed 132492K, reserved 1165312K
  class space    used 15895K, capacity 17274K, committed 17484K, reserved 1048576K
}
Event: 4746.192 GC heap before
{Heap before GC invocations=104 (full 0):
 garbage-first heap   total 227328K, used 179644K [0x0000000080000000, 0x0000000100000000)
  region size 1024K, 77 young (78848K), 7 survivors (7168K)
 Metaspace       used 128117K, capacity 131780K, committed 132492K, reserved 1165312K
  class space    used 15895K, capacity 17275K, committed 17484K, reserved 1048576K
}
Event: 4746.262 GC heap after
{Heap after GC invocations=105 (full 0):
 garbage-first heap   total 227328K, used 124564K [0x0000000080000000, 0x0000000100000000)
  region size 1024K, 10 young (10240K), 10 survivors (10240K)
 Metaspace       used 128117K, capacity 131780K, committed 132492K, reserved 1165312K
  class space    used 15895K, capacity 17275K, committed 17484K, reserved 1048576K
}
Event: 4746.275 GC heap before
{Heap before GC invocations=105 (full 0):
 garbage-first heap   total 227328K, used 124564K [0x0000000080000000, 0x0000000100000000)
  region size 1024K, 11 young (11264K), 10 survivors (10240K)
 Metaspace       used 128117K, capacity 131780K, committed 132492K, reserved 1165312K
  class space    used 15895K, capacity 17275K, committed 17484K, reserved 1048576K
}
Event: 4746.333 GC heap after
{Heap after GC invocations=106 (full 0):
 garbage-first heap   total 227328K, used 121856K [0x0000000080000000, 0x0000000100000000)
  region size 1024K, 2 young (2048K), 2 survivors (2048K)
 Metaspace       used 128117K, capacity 131780K, committed 132492K, reserved 1165312K
  class space    used 15895K, capacity 17275K, committed 17484K, reserved 1048576K
}
Event: 4746.349 GC heap before
{Heap before GC invocations=106 (full 0):
 garbage-first heap   total 227328K, used 121856K [0x0000000080000000, 0x0000000100000000)
  region size 1024K, 4 young (4096K), 2 survivors (2048K)
 Metaspace       used 128117K, capacity 131780K, committed 132492K, reserved 1165312K
  class space    used 15895K, capacity 17275K, committed 17484K, reserved 1048576K
}
Event: 4746.362 GC heap after
{Heap after GC invocations=107 (full 0):
 garbage-first heap   total 227328K, used 121386K [0x0000000080000000, 0x0000000100000000)
  region size 1024K, 2 young (2048K), 2 survivors (2048K)
 Metaspace       used 128117K, capacity 131780K, committed 132492K, reserved 1165312K
  class space    used 15895K, capacity 17275K, committed 17484K, reserved 1048576K
}
Event: 4747.455 GC heap before
{Heap before GC invocations=108 (full 0):
 garbage-first heap   total 227328K, used 192042K [0x0000000080000000, 0x0000000100000000)
  region size 1024K, 55 young (56320K), 2 survivors (2048K)
 Metaspace       used 128145K, capacity 131856K, committed 132492K, reserved 1165312K
  class space    used 15896K, capacity 17277K, committed 17484K, reserved 1048576K
}
Event: 4747.489 GC heap after
{Heap after GC invocations=109 (full 0):
 garbage-first heap   total 227328K, used 133298K [0x0000000080000000, 0x0000000100000000)
  region size 1024K, 7 young (7168K), 7 survivors (7168K)
 Metaspace       used 128145K, capacity 131856K, committed 132492K, reserved 1165312K
  class space    used 15896K, capacity 17277K, committed 17484K, reserved 1048576K
}
Event: 4747.666 GC heap before
{Heap before GC invocations=109 (full 0):
 garbage-first heap   total 227328K, used 137394K [0x0000000080000000, 0x0000000100000000)
  region size 1024K, 11 young (11264K), 7 survivors (7168K)
 Metaspace       used 128148K, capacity 131856K, committed 132492K, reserved 1165312K
  class space    used 15896K, capacity 17277K, committed 17484K, reserved 1048576K
}
Event: 4747.720 GC heap after
{Heap after GC invocations=110 (full 0):
 garbage-first heap   total 227328K, used 122402K [0x0000000080000000, 0x0000000100000000)
  region size 1024K, 1 young (1024K), 1 survivors (1024K)
 Metaspace       used 128148K, capacity 131856K, committed 132492K, reserved 1165312K
  class space    used 15896K, capacity 17277K, committed 17484K, reserved 1048576K
}
Event: 4753.013 GC heap before
{Heap before GC invocations=110 (full 0):
 garbage-first heap   total 227328K, used 174626K [0x0000000080000000, 0x0000000100000000)
  region size 1024K, 53 young (54272K), 1 survivors (1024K)
 Metaspace       used 128362K, capacity 132113K, committed 132748K, reserved 1165312K
  class space    used 15907K, capacity 17277K, committed 17484K, reserved 1048576K
}
Event: 4753.033 GC heap after
{Heap after GC invocations=111 (full 0):
 garbage-first heap   total 227328K, used 125195K [0x0000000080000000, 0x0000000100000000)
  region size 1024K, 4 young (4096K), 4 survivors (4096K)
 Metaspace       used 128362K, capacity 132113K, committed 132748K, reserved 1165312K
  class space    used 15907K, capacity 17277K, committed 17484K, reserved 1048576K
}
Event: 4758.751 GC heap before
{Heap before GC invocations=112 (full 0):
 garbage-first heap   total 227328K, used 156939K [0x0000000080000000, 0x0000000100000000)
  region size 1024K, 56 young (57344K), 4 survivors (4096K)
 Metaspace       used 128969K, capacity 132672K, committed 133260K, reserved 1165312K
  class space    used 15948K, capacity 17313K, committed 17484K, reserved 1048576K
}
Event: 4758.774 GC heap after
{Heap after GC invocations=113 (full 0):
 garbage-first heap   total 227328K, used 112742K [0x0000000080000000, 0x0000000100000000)
  region size 1024K, 7 young (7168K), 7 survivors (7168K)
 Metaspace       used 128969K, capacity 132672K, committed 133260K, reserved 1165312K
  class space    used 15948K, capacity 17313K, committed 17484K, reserved 1048576K
}
Event: 4758.868 GC heap before
{Heap before GC invocations=113 (full 0):
 garbage-first heap   total 227328K, used 116838K [0x0000000080000000, 0x0000000100000000)
  region size 1024K, 11 young (11264K), 7 survivors (7168K)
 Metaspace       used 128978K, capacity 132672K, committed 133260K, reserved 1165312K
  class space    used 15948K, capacity 17313K, committed 17484K, reserved 1048576K
}
Event: 4758.919 GC heap after
{Heap after GC invocations=114 (full 0):
 garbage-first heap   total 227328K, used 103287K [0x0000000080000000, 0x0000000100000000)
  region size 1024K, 2 young (2048K), 2 survivors (2048K)
 Metaspace       used 128978K, capacity 132672K, committed 133260K, reserved 1165312K
  class space    used 15948K, capacity 17313K, committed 17484K, reserved 1048576K
}
Event: 4760.754 GC heap before
{Heap before GC invocations=114 (full 0):
 garbage-first heap   total 227328K, used 166775K [0x0000000080000000, 0x0000000100000000)
  region size 1024K, 64 young (65536K), 2 survivors (2048K)
 Metaspace       used 129548K, capacity 133219K, committed 133772K, reserved 1165312K
  class space    used 15956K, capacity 17319K, committed 17484K, reserved 1048576K
}
Event: 4760.782 GC heap after
{Heap after GC invocations=115 (full 0):
 garbage-first heap   total 227328K, used 108175K [0x0000000080000000, 0x0000000100000000)
  region size 1024K, 7 young (7168K), 7 survivors (7168K)
 Metaspace       used 129548K, capacity 133219K, committed 133772K, reserved 1165312K
  class space    used 15956K, capacity 17319K, committed 17484K, reserved 1048576K
}

